<?xml version="1.0" encoding="utf-8" ?>
<!DOCTYPE html PUBLIC "-//W3C//DTD XHTML 1.0 Strict//EN"
        "http://www.w3.org/TR/xhtml1/DTD/xhtml1-strict.dtd">
<html xmlns="http://www.w3.org/1999/xhtml" xml:lang="" lang="">
<head>
  <title>Test Results Report - Login Test</title>
  <meta http-equiv="Content-Type" content="text/html;charset=utf-8" />
  <meta name="description" content="TestNG unit test results." />
  <link href="reportng.css" rel="stylesheet" type="text/css" />
    <script type="text/javascript" src="reportng.js"></script>
</head>
<body>
<h1>Login Test</h1>
<p>
  Test duration: 350.449s
</p>



  <table class="resultsTable">
    <tr><th colspan="3" class="header failed">Failed Tests</th></tr>
          <tr>
        <td colspan="3" class="group">com.demo.nopcommerce.testsuite.LoginTest</td>
      </tr>
            
<tr>
  <td class="method">
                  userShouldLoginSuccessfully
      </td>
  <td class="duration">
    84.415s
  </td>
  <td class="result">
        
          <i>Method arguments: </i><span class="arguments">"abc@gmail.com", "abc123"</span><br />
    
            <div class="testOutput">
                         Clicking on login link: [[ChromeDriver: chrome on WINDOWS (132693dff2c49d522773c1de519e313e)] -> css selector: a.ico-login]<br>
                                 Enter email: abc@gmail.com to email field [[ChromeDriver: chrome on WINDOWS (132693dff2c49d522773c1de519e313e)] -> css selector: input#Email]<br>
                                 Enter password: abc123 to password field [[ChromeDriver: chrome on WINDOWS (132693dff2c49d522773c1de519e313e)] -> css selector: input#Password]<br>
                                 Click on Login button: [[ChromeDriver: chrome on WINDOWS (132693dff2c49d522773c1de519e313e)] -> xpath: //input[@class='button-1 login-button']]<br>
                                 Verify text: My account is displayed on the Account Page Proxy element for: DefaultElementLocator 'By.cssSelector: a.ico-account'<br>
                                Click to see screenshot
                                <a target = "_blank" href=C:\Users\HP\IdeaProjects\nopcommercedemo-page-factory-project/test-output/html/userShouldLoginSuccessfullyFri_Apr_24_15_27_17_BST_2020.jpg>Screenshot</a>
                                <br>
                                <br>
                                <a target = "_blank" href=C:\Users\HP\IdeaProjects\nopcommercedemo-page-factory-project/test-output/html/userShouldLoginSuccessfullyFri_Apr_24_15_27_17_BST_2020.jpg><img src=C:\Users\HP\IdeaProjects\nopcommercedemo-page-factory-project/test-output/html/userShouldLoginSuccessfullyFri_Apr_24_15_27_17_BST_2020.jpg height=200 width=200></img></a>
                  </div>
    

        <a href="javascript:toggleElement('exception-0', 'block')" title="Click to expand/collapse"><b>org.openqa.selenium.NoSuchElementException: no such element: Unable to locate element: {&quot;method&quot;:&quot;css selector&quot;,&quot;selector&quot;:&quot;a.ico-account&quot;}<br/>
&nbsp; (Session info: chrome=81.0.4044.122)<br/>
For documentation on this error, please visit: https://www.seleniumhq.org/exceptions/no_such_element.html<br/>
Build info: version: &apos;3.141.59&apos;, revision: &apos;e82be7d358&apos;, time: &apos;2018-11-14T08:17:03&apos;<br/>
System info: host: &apos;DESKTOP-59P8T20&apos;, ip: &apos;192.168.43.144&apos;, os.name: &apos;Windows 10&apos;, os.arch: &apos;amd64&apos;, os.version: &apos;10.0&apos;, java.version: &apos;1.8.0_121&apos;<br/>
Driver info: org.openqa.selenium.chrome.ChromeDriver<br/>
Capabilities {acceptInsecureCerts: false, browserName: chrome, browserVersion: 81.0.4044.122, chrome: {chromedriverVersion: 80.0.3987.106 (f68069574609..., userDataDir: C:\Users\HP\AppData\Local\T...}, goog:chromeOptions: {debuggerAddress: localhost:53131}, javascriptEnabled: true, networkConnectionEnabled: false, pageLoadStrategy: normal, platform: WINDOWS, platformName: WINDOWS, proxy: Proxy(), setWindowRect: true, strictFileInteractability: false, timeouts: {implicit: 0, pageLoad: 300000, script: 30000}, unhandledPromptBehavior: dismiss and notify}<br/>
Session ID: 132693dff2c49d522773c1de519e313e<br/>
*** Element info: {Using=css selector, value=a.ico-account}</b></a><br />
    <div class="stackTrace" id="exception-0">
              sun.reflect.NativeConstructorAccessorImpl.newInstance0(Native Method)<br />
              sun.reflect.NativeConstructorAccessorImpl.newInstance(NativeConstructorAccessorImpl.java:62)<br />
              sun.reflect.DelegatingConstructorAccessorImpl.newInstance(DelegatingConstructorAccessorImpl.java:45)<br />
              java.lang.reflect.Constructor.newInstance(Constructor.java:423)<br />
              org.openqa.selenium.remote.http.W3CHttpResponseCodec.createException(W3CHttpResponseCodec.java:187)<br />
              org.openqa.selenium.remote.http.W3CHttpResponseCodec.decode(W3CHttpResponseCodec.java:122)<br />
              org.openqa.selenium.remote.http.W3CHttpResponseCodec.decode(W3CHttpResponseCodec.java:49)<br />
              org.openqa.selenium.remote.HttpCommandExecutor.execute(HttpCommandExecutor.java:158)<br />
              org.openqa.selenium.remote.service.DriverCommandExecutor.execute(DriverCommandExecutor.java:83)<br />
              org.openqa.selenium.remote.RemoteWebDriver.execute(RemoteWebDriver.java:552)<br />
              org.openqa.selenium.remote.RemoteWebDriver.findElement(RemoteWebDriver.java:323)<br />
              org.openqa.selenium.remote.RemoteWebDriver.findElementByCssSelector(RemoteWebDriver.java:420)<br />
              org.openqa.selenium.By$ByCssSelector.findElement(By.java:431)<br />
              org.openqa.selenium.remote.RemoteWebDriver.findElement(RemoteWebDriver.java:315)<br />
              org.openqa.selenium.support.pagefactory.DefaultElementLocator.findElement(DefaultElementLocator.java:69)<br />
              org.openqa.selenium.support.pagefactory.internal.LocatingElementHandler.invoke(LocatingElementHandler.java:38)<br />
              com.sun.proxy.$Proxy9.getText(Unknown Source)<br />
              com.demo.nopcommerce.utility.Utility.verifyTextAssertMethod(Utility.java:527)<br />
              com.demo.nopcommerce.pages.AccountPage.verifyMyAccountText(AccountPage.java:25)<br />
              com.demo.nopcommerce.testsuite.LoginTest.userShouldLoginSuccessfully(LoginTest.java:50)<br />
              sun.reflect.NativeMethodAccessorImpl.invoke0(Native Method)<br />
              sun.reflect.NativeMethodAccessorImpl.invoke(NativeMethodAccessorImpl.java:62)<br />
              sun.reflect.DelegatingMethodAccessorImpl.invoke(DelegatingMethodAccessorImpl.java:43)<br />
              java.lang.reflect.Method.invoke(Method.java:498)<br />
              org.testng.internal.MethodInvocationHelper.invokeMethod(MethodInvocationHelper.java:124)<br />
              org.testng.internal.Invoker.invokeMethod(Invoker.java:583)<br />
              org.testng.internal.Invoker.invokeTestMethod(Invoker.java:719)<br />
              org.testng.internal.Invoker.invokeTestMethods(Invoker.java:989)<br />
              org.testng.internal.TestMethodWorker.invokeTestMethods(TestMethodWorker.java:125)<br />
              org.testng.internal.TestMethodWorker.run(TestMethodWorker.java:109)<br />
              org.testng.TestRunner.privateRun(TestRunner.java:648)<br />
              org.testng.TestRunner.run(TestRunner.java:505)<br />
              org.testng.SuiteRunner.runTest(SuiteRunner.java:455)<br />
              org.testng.SuiteRunner.runSequentially(SuiteRunner.java:450)<br />
              org.testng.SuiteRunner.privateRun(SuiteRunner.java:415)<br />
              org.testng.SuiteRunner.run(SuiteRunner.java:364)<br />
              org.testng.SuiteRunnerWorker.runSuite(SuiteRunnerWorker.java:52)<br />
              org.testng.SuiteRunnerWorker.run(SuiteRunnerWorker.java:84)<br />
              org.testng.TestNG.runSuitesSequentially(TestNG.java:1208)<br />
              org.testng.TestNG.runSuitesLocally(TestNG.java:1137)<br />
              org.testng.TestNG.runSuites(TestNG.java:1049)<br />
              org.testng.TestNG.run(TestNG.java:1017)<br />
              com.intellij.rt.testng.IDEARemoteTestNG.run(IDEARemoteTestNG.java:66)<br />
              com.intellij.rt.testng.RemoteTestNGStarter.main(RemoteTestNGStarter.java:110)<br />
                </div>
      </td>
</tr>
<tr>
  <td class="method">
                  verifyUserShouldNotNavigateToLoginPage
      </td>
  <td class="duration">
    1.685s
  </td>
  <td class="result">
        
    
            <div class="testOutput">
                        CLicking on register link: [[ChromeDriver: chrome on WINDOWS (5de13aee0f3f5d511c6c3b9f1a527bda)] -> xpath: //a[@class='ico-register']]<br>
                                 Verify Text: Welcome, Please Sign In! is displayed on Login page [[ChromeDriver: chrome on WINDOWS (5de13aee0f3f5d511c6c3b9f1a527bda)] -> xpath: //div[@class='page-title']//h1]<br>
                                Click to see screenshot
                                <a target = "_blank" href=C:\Users\HP\IdeaProjects\nopcommercedemo-page-factory-project/test-output/html/verifyUserShouldNotNavigateToLoginPageFri_Apr_24_15_27_37_BST_2020.jpg>Screenshot</a>
                                <br>
                                <br>
                                <a target = "_blank" href=C:\Users\HP\IdeaProjects\nopcommercedemo-page-factory-project/test-output/html/verifyUserShouldNotNavigateToLoginPageFri_Apr_24_15_27_37_BST_2020.jpg><img src=C:\Users\HP\IdeaProjects\nopcommercedemo-page-factory-project/test-output/html/verifyUserShouldNotNavigateToLoginPageFri_Apr_24_15_27_37_BST_2020.jpg height=200 width=200></img></a>
                  </div>
    

        <a href="javascript:toggleElement('exception-1', 'block')" title="Click to expand/collapse"><b>java.lang.AssertionError: expected [Welcome, Please Sign In!] but found [Register]</b></a><br />
    <div class="stackTrace" id="exception-1">
              org.testng.Assert.fail(Assert.java:96)<br />
              org.testng.Assert.failNotEquals(Assert.java:776)<br />
              org.testng.Assert.assertEqualsImpl(Assert.java:137)<br />
              org.testng.Assert.assertEquals(Assert.java:118)<br />
              org.testng.Assert.assertEquals(Assert.java:453)<br />
              org.testng.Assert.assertEquals(Assert.java:463)<br />
              com.demo.nopcommerce.utility.Utility.verifyTextAssertMethod(Utility.java:529)<br />
              com.demo.nopcommerce.pages.LoginPage.verifyWelcomeText(LoginPage.java:53)<br />
              com.demo.nopcommerce.testsuite.LoginTest.verifyUserShouldNotNavigateToLoginPage(LoginTest.java:61)<br />
              sun.reflect.NativeMethodAccessorImpl.invoke0(Native Method)<br />
              sun.reflect.NativeMethodAccessorImpl.invoke(NativeMethodAccessorImpl.java:62)<br />
              sun.reflect.DelegatingMethodAccessorImpl.invoke(DelegatingMethodAccessorImpl.java:43)<br />
              java.lang.reflect.Method.invoke(Method.java:498)<br />
              org.testng.internal.MethodInvocationHelper.invokeMethod(MethodInvocationHelper.java:124)<br />
              org.testng.internal.Invoker.invokeMethod(Invoker.java:583)<br />
              org.testng.internal.Invoker.invokeTestMethod(Invoker.java:719)<br />
              org.testng.internal.Invoker.invokeTestMethods(Invoker.java:989)<br />
              org.testng.internal.TestMethodWorker.invokeTestMethods(TestMethodWorker.java:125)<br />
              org.testng.internal.TestMethodWorker.run(TestMethodWorker.java:109)<br />
              org.testng.TestRunner.privateRun(TestRunner.java:648)<br />
              org.testng.TestRunner.run(TestRunner.java:505)<br />
              org.testng.SuiteRunner.runTest(SuiteRunner.java:455)<br />
              org.testng.SuiteRunner.runSequentially(SuiteRunner.java:450)<br />
              org.testng.SuiteRunner.privateRun(SuiteRunner.java:415)<br />
              org.testng.SuiteRunner.run(SuiteRunner.java:364)<br />
              org.testng.SuiteRunnerWorker.runSuite(SuiteRunnerWorker.java:52)<br />
              org.testng.SuiteRunnerWorker.run(SuiteRunnerWorker.java:84)<br />
              org.testng.TestNG.runSuitesSequentially(TestNG.java:1208)<br />
              org.testng.TestNG.runSuitesLocally(TestNG.java:1137)<br />
              org.testng.TestNG.runSuites(TestNG.java:1049)<br />
              org.testng.TestNG.run(TestNG.java:1017)<br />
              com.intellij.rt.testng.IDEARemoteTestNG.run(IDEARemoteTestNG.java:66)<br />
              com.intellij.rt.testng.RemoteTestNGStarter.main(RemoteTestNGStarter.java:110)<br />
                </div>
      </td>
</tr>
      </table>


  <table class="resultsTable">
    <tr><th colspan="3" class="header passed">Passed Tests</th></tr>
          <tr>
        <td colspan="3" class="group">com.demo.nopcommerce.testsuite.LoginTest</td>
      </tr>
            
<tr>
  <td class="method">
                  userShouldLoginSuccessfully
      </td>
  <td class="duration">
    45.539s
  </td>
  <td class="result">
        
          <i>Method arguments: </i><span class="arguments">"xyz13@gmail.com", "abc123"</span><br />
    
            <div class="testOutput">
                         Clicking on login link: [[ChromeDriver: chrome on WINDOWS (696a101dc29c22e8c8db33dce716a70a)] -> css selector: a.ico-login]<br>
                                 Enter email: xyz13@gmail.com to email field [[ChromeDriver: chrome on WINDOWS (696a101dc29c22e8c8db33dce716a70a)] -> css selector: input#Email]<br>
                                 Enter password: abc123 to password field [[ChromeDriver: chrome on WINDOWS (696a101dc29c22e8c8db33dce716a70a)] -> css selector: input#Password]<br>
                                 Click on Login button: [[ChromeDriver: chrome on WINDOWS (696a101dc29c22e8c8db33dce716a70a)] -> xpath: //input[@class='button-1 login-button']]<br>
                                 Verify text: My account is displayed on the Account Page [[ChromeDriver: chrome on WINDOWS (696a101dc29c22e8c8db33dce716a70a)] -> css selector: a.ico-account]<br>
                  </div>
    

      </td>
</tr>
<tr>
  <td class="method">
                  userShouldNavigateToLoginPageSuccessfully
      </td>
  <td class="duration">
    37.104s
  </td>
  <td class="result">
        
    
            <div class="testOutput">
                         Clicking on login link: [[ChromeDriver: chrome on WINDOWS (0f7e9e4544b2a1f7d4ab3e0c4c6a3c6c)] -> css selector: a.ico-login]<br>
                                 Verify Text: Welcome, Please Sign In! is displayed on Login page [[ChromeDriver: chrome on WINDOWS (0f7e9e4544b2a1f7d4ab3e0c4c6a3c6c)] -> xpath: //div[@class='page-title']//h1]<br>
                  </div>
    

      </td>
</tr>
      </table>
  
</body>
</html>
